<?xml version="1.0" encoding="UTF-8"?>
<!-- Generated by org.testng.reporters.JUnitReportReporter -->
<testsuite hostname="TDLPHP273" failures="0" tests="1" name="TestNG.TestSelenium" time="0.020" errors="0" timestamp="2024-07-03T13:58:54 IST" skipped="0">
  <testcase classname="TestNG.TestSelenium" name="stringReverse" time="0.020"/>
  <system-out/>
</testsuite> <!-- TestNG.TestSelenium -->
